<?xml version="1.0" encoding="UTF-8"?>
<testsuite name="HelloWorldTest" tests="1" skipped="0" failures="0" errors="0" timestamp="2018-03-20T13:54:43" hostname="DESKTOP-054ON5E" time="0.009">
  <properties/>
  <testcase name="helloWorldTest" classname="HelloWorldTest" time="0.009"/>
  <system-out><![CDATA[]]></system-out>
  <system-err><![CDATA[]]></system-err>
</testsuite>
